<?xml version="1.0" encoding="UTF-8"?>
<!-- Generated by org.testng.reporters.JUnitReportReporter -->
<testsuite hostname="josh-Latitude-3410" failures="0" tests="11" name="testcases.Webtable_Test" time="3.367" errors="0" timestamp="2023-02-10T12:47:02 IST" skipped="1">
  <testcase classname="testcases.Webtable_Test" name="navigate_to_webtable" time="0.302"/>
  <system-out/>
  <testcase classname="testcases.Webtable_Test" name="printRow1" time="0.483"/>
  <system-out/>
  <testcase classname="testcases.Webtable_Test" name="edit_Row1" time="0.554"/>
  <system-out/>
  <testcase classname="testcases.Webtable_Test" name="edit_Row1" time="0.473"/>
  <system-out/>
  <testcase classname="testcases.Webtable_Test" name="edit_Row1" time="0.246"/>
  <system-out/>
  <testcase classname="testcases.Webtable_Test" name="edit_Row1" time="0.073"/>
  <system-out/>
  <testcase classname="testcases.Webtable_Test" name="edit_Row1" time="0.367"/>
  <system-out/>
  <testcase classname="testcases.Webtable_Test" name="edit_Row1" time="0.435"/>
  <system-out/>
  <testcase classname="testcases.Webtable_Test" name="submit_Data" time="0.177"/>
  <system-out/>
  <testcase classname="testcases.Webtable_Test" name="verify_Edits_to_Row1" time="0.257"/>
  <system-out/>
  <testcase classname="testcases.Webtable_Test" name="edit_Row1">
    <skipped/>
  </testcase> <!-- edit_Row1 -->
  <system-out/>
</testsuite> <!-- testcases.Webtable_Test -->
