<?xml version="1.0" encoding="UTF-8"?>
<!-- Generated by org.testng.reporters.JUnitReportReporter -->
<testsuite hostname="josh-Latitude-3410" failures="0" tests="1" name="utilities.DataProviderDP" time="0.000" errors="0" timestamp="2023-02-07T11:14:24 IST" skipped="1">
  <testcase classname="utilities.DataProviderDP" name="signIn" time="0.000">
    <skipped/>
  </testcase> <!-- signIn -->
  <system-out/>
</testsuite> <!-- utilities.DataProviderDP -->
