<?xml version="1.0" encoding="UTF-8"?>
<!-- Generated by org.testng.reporters.JUnitReportReporter -->
<testsuite hostname="josh-Latitude-3410" failures="0" tests="3" name="testcases.UploadDownload_Test" time="0.614" errors="0" timestamp="2023-02-10T12:47:02 IST" skipped="0">
  <testcase classname="testcases.UploadDownload_Test" name="navigateToButtons" time="0.287"/>
  <system-out/>
  <testcase classname="testcases.UploadDownload_Test" name="uploadFile" time="0.228"/>
  <system-out/>
  <testcase classname="testcases.UploadDownload_Test" name="downloadFile" time="0.099"/>
  <system-out/>
</testsuite> <!-- testcases.UploadDownload_Test -->
