<?xml version="1.0" encoding="UTF-8"?>
<!-- Generated by org.testng.reporters.JUnitReportReporter -->
<testsuite hostname="josh-Latitude-3410" failures="0" tests="4" name="testcases.PracticeForm_Test" time="9.557" errors="0" timestamp="2023-02-14T17:26:23 IST" skipped="0">
  <testcase classname="testcases.PracticeForm_Test" name="navigate_to_practiceform" time="2.123"/>
  <system-out/>
  <testcase classname="testcases.PracticeForm_Test" name="verify_labels" time="1.031"/>
  <system-out/>
  <testcase classname="testcases.PracticeForm_Test" name="enter_form_data" time="5.398"/>
  <system-out/>
  <testcase classname="testcases.PracticeForm_Test" name="verify_entered_form_data" time="1.005"/>
  <system-out/>
</testsuite> <!-- testcases.PracticeForm_Test -->
