<?xml version="1.0" encoding="UTF-8"?>
<!-- Generated by org.testng.reporters.JUnitReportReporter -->
<testsuite hostname="josh-Latitude-3410" failures="0" tests="5" name="testcases.Menu_Test" time="1.583" errors="0" timestamp="2023-02-10T12:47:02 IST" skipped="0">
  <testcase classname="testcases.Menu_Test" name="navigate_to_menu" time="0.198"/>
  <system-out/>
  <testcase classname="testcases.Menu_Test" name="menu1" time="0.180"/>
  <system-out/>
  <testcase classname="testcases.Menu_Test" name="menu3" time="0.174"/>
  <system-out/>
  <testcase classname="testcases.Menu_Test" name="menu2" time="0.475"/>
  <system-out/>
  <testcase classname="testcases.Menu_Test" name="hover_over_submenu" time="0.556"/>
  <system-out/>
</testsuite> <!-- testcases.Menu_Test -->
