<?xml version="1.0" encoding="UTF-8"?>
<!-- Generated by org.testng.reporters.JUnitReportReporter -->
<testsuite hostname="josh-Latitude-3410" failures="0" tests="2" name="testcases.Tabs_Test" time="0.698" errors="0" timestamp="2023-02-10T12:47:02 IST" skipped="0">
  <testcase classname="testcases.Tabs_Test" name="navigate_to_tabs" time="0.268"/>
  <system-out/>
  <testcase classname="testcases.Tabs_Test" name="switch_tabs" time="0.430"/>
  <system-out/>
</testsuite> <!-- testcases.Tabs_Test -->
