<?xml version="1.0" encoding="UTF-8"?>
<!-- Generated by org.testng.reporters.JUnitReportReporter -->
<testsuite hostname="josh-Latitude-3410" failures="0" tests="9" name="testcases.Textbox_Test" time="2.399" errors="0" timestamp="2023-02-10T12:47:02 IST" skipped="0">
  <testcase classname="testcases.Textbox_Test" name="navigate_to_textbox" time="0.461"/>
  <system-out/>
  <testcase classname="testcases.Textbox_Test" name="verify_labels" time="0.292"/>
  <system-out/>
  <testcase classname="testcases.Textbox_Test" name="enter_data" time="0.361"/>
  <system-out/>
  <testcase classname="testcases.Textbox_Test" name="enter_data" time="0.227"/>
  <system-out/>
  <testcase classname="testcases.Textbox_Test" name="enter_data" time="0.129"/>
  <system-out/>
  <testcase classname="testcases.Textbox_Test" name="enter_data" time="0.106"/>
  <system-out/>
  <testcase classname="testcases.Textbox_Test" name="verify_entered_data" time="0.230"/>
  <system-out/>
  <testcase classname="testcases.Textbox_Test" name="click_submit" time="0.222"/>
  <system-out/>
  <testcase classname="testcases.Textbox_Test" name="verify_submitted_data" time="0.371"/>
  <system-out/>
</testsuite> <!-- testcases.Textbox_Test -->
