<?xml version="1.0" encoding="UTF-8"?>
<!-- Generated by org.testng.reporters.JUnitReportReporter -->
<testsuite hostname="josh-Latitude-3410" failures="0" tests="5" name="testcases.Accordian_Test" time="2.604" errors="0" timestamp="2023-02-10T12:47:02 IST" skipped="1">
  <testcase classname="testcases.Accordian_Test" name="navigate_to_accordian" time="0.331"/>
  <system-out/>
  <testcase classname="testcases.Accordian_Test" name="heading1" time="0.157"/>
  <system-out/>
  <testcase classname="testcases.Accordian_Test" name="heading2" time="0.358"/>
  <system-out/>
  <testcase classname="testcases.Accordian_Test" name="heading3" time="0.198"/>
  <system-out/>
  <testcase classname="testcases.Accordian_Test" name="heading3" time="1.560">
    <skipped/>
  </testcase> <!-- heading3 -->
  <system-out/>
</testsuite> <!-- testcases.Accordian_Test -->
