<?xml version="1.0" encoding="UTF-8"?>
<!-- Generated by org.testng.reporters.JUnitReportReporter -->
<testsuite hostname="josh-Latitude-3410" failures="0" tests="3" name="testcases.RadioButton_Test" time="0.760" errors="0" timestamp="2023-02-10T12:47:02 IST" skipped="0">
  <testcase classname="testcases.RadioButton_Test" name="navigate_to_radio_button" time="0.128"/>
  <system-out/>
  <testcase classname="testcases.RadioButton_Test" name="select_radio_button" time="0.462"/>
  <system-out/>
  <testcase classname="testcases.RadioButton_Test" name="verifyDisabledRadio" time="0.170"/>
  <system-out/>
</testsuite> <!-- testcases.RadioButton_Test -->
