<?xml version="1.0" encoding="UTF-8"?>
<!-- Generated by org.testng.reporters.JUnitReportReporter -->
<testsuite hostname="josh-Latitude-3410" failures="0" tests="6" name="testcases.DynamicProperties_Test" time="5.518" errors="0" timestamp="2023-02-10T12:47:02 IST" skipped="0">
  <testcase classname="testcases.DynamicProperties_Test" name="navigateToDynamicProperties" time="0.152"/>
  <system-out/>
  <testcase classname="testcases.DynamicProperties_Test" name="verifyDisabledBtn" time="0.073"/>
  <system-out/>
  <testcase classname="testcases.DynamicProperties_Test" name="buttonColorBefore" time="0.074"/>
  <system-out/>
  <testcase classname="testcases.DynamicProperties_Test" name="verifyEnabledBtn" time="5.094"/>
  <system-out/>
  <testcase classname="testcases.DynamicProperties_Test" name="verifyBtnColorChange" time="0.050"/>
  <system-out/>
  <testcase classname="testcases.DynamicProperties_Test" name="verifyVisibilityOfInvisibleBtn" time="0.075"/>
  <system-out/>
</testsuite> <!-- testcases.DynamicProperties_Test -->
