<?xml version="1.0" encoding="UTF-8"?>
<!-- Generated by org.testng.reporters.JUnitReportReporter -->
<testsuite hostname="josh-Latitude-3410" failures="0" tests="3" name="testcases.Datepicker_Test" time="6.420" errors="0" timestamp="2023-02-10T12:47:02 IST" skipped="0">
  <testcase classname="testcases.Datepicker_Test" name="navigate_to_datepicker" time="0.115"/>
  <system-out/>
  <testcase classname="testcases.Datepicker_Test" name="calender1" time="0.955"/>
  <system-out/>
  <testcase classname="testcases.Datepicker_Test" name="calender2" time="5.350"/>
  <system-out/>
</testsuite> <!-- testcases.Datepicker_Test -->
