<?xml version="1.0" encoding="UTF-8"?>
<!-- Generated by org.testng.reporters.JUnitReportReporter -->
<testsuite hostname="josh-Latitude-3410" failures="0" tests="4" name="testcases.Buttons_Test" time="1.073" errors="0" timestamp="2023-02-10T12:47:02 IST" skipped="0">
  <testcase classname="testcases.Buttons_Test" name="navigateToButtons" time="0.205"/>
  <system-out/>
  <testcase classname="testcases.Buttons_Test" name="doubleClick" time="0.311"/>
  <system-out/>
  <testcase classname="testcases.Buttons_Test" name="rightClick" time="0.277"/>
  <system-out/>
  <testcase classname="testcases.Buttons_Test" name="dynamicClick" time="0.280"/>
  <system-out/>
</testsuite> <!-- testcases.Buttons_Test -->
