<?xml version="1.0" encoding="UTF-8"?>
<!-- Generated by org.testng.reporters.JUnitReportReporter -->
<testsuite hostname="josh-Latitude-3410" failures="0" tests="2" name="testcases.Checkbox_Test" time="0.598" errors="0" timestamp="2023-02-10T12:47:02 IST" skipped="0">
  <testcase classname="testcases.Checkbox_Test" name="navigate_to_checkbox" time="0.178"/>
  <system-out/>
  <testcase classname="testcases.Checkbox_Test" name="checkbox" time="0.420"/>
  <system-out/>
</testsuite> <!-- testcases.Checkbox_Test -->
