<?xml version="1.0" encoding="UTF-8"?>
<testsuite xmlns:xsi="http://www.w3.org/2001/XMLSchema-instance" xsi:noNamespaceSchemaLocation="https://maven.apache.org/surefire/maven-surefire-plugin/xsd/surefire-test-report-3.0.xsd" version="3.0" name="TestSuite" time="128.18" tests="115" errors="0" skipped="0" failures="0">
  <properties>
    <property name="sun.desktop" value="gnome"/>
    <property name="awt.toolkit" value="sun.awt.X11.XToolkit"/>
    <property name="java.specification.version" value="11"/>
    <property name="webdriver.chrome.driver" value="/home/josh/eclipse-workspace/Test_Project/Drivers/chromedriver"/>
    <property name="sun.cpu.isalist" value=""/>
    <property name="sun.jnu.encoding" value="UTF-8"/>
    <property name="java.class.path" value="/home/josh/eclipse-workspace/Test_Project/target/test-classes:/home/josh/eclipse-workspace/Test_Project/target/classes:/home/josh/.m2/repository/org/seleniumhq/selenium/selenium-java/4.7.2/selenium-java-4.7.2.jar:/home/josh/.m2/repository/org/seleniumhq/selenium/selenium-api/4.7.2/selenium-api-4.7.2.jar:/home/josh/.m2/repository/org/seleniumhq/selenium/selenium-chrome-driver/4.7.2/selenium-chrome-driver-4.7.2.jar:/home/josh/.m2/repository/com/google/auto/service/auto-service-annotations/1.0.1/auto-service-annotations-1.0.1.jar:/home/josh/.m2/repository/com/google/auto/service/auto-service/1.0.1/auto-service-1.0.1.jar:/home/josh/.m2/repository/com/google/auto/auto-common/1.2/auto-common-1.2.jar:/home/josh/.m2/repository/com/google/guava/guava/31.1-jre/guava-31.1-jre.jar:/home/josh/.m2/repository/com/google/guava/failureaccess/1.0.1/failureaccess-1.0.1.jar:/home/josh/.m2/repository/com/google/guava/listenablefuture/9999.0-empty-to-avoid-conflict-with-guava/listenablefuture-9999.0-empty-to-avoid-conflict-with-guava.jar:/home/josh/.m2/repository/com/google/code/findbugs/jsr305/3.0.2/jsr305-3.0.2.jar:/home/josh/.m2/repository/org/checkerframework/checker-qual/3.12.0/checker-qual-3.12.0.jar:/home/josh/.m2/repository/com/google/errorprone/error_prone_annotations/2.11.0/error_prone_annotations-2.11.0.jar:/home/josh/.m2/repository/com/google/j2objc/j2objc-annotations/1.3/j2objc-annotations-1.3.jar:/home/josh/.m2/repository/org/seleniumhq/selenium/selenium-chromium-driver/4.7.2/selenium-chromium-driver-4.7.2.jar:/home/josh/.m2/repository/org/seleniumhq/selenium/selenium-json/4.7.2/selenium-json-4.7.2.jar:/home/josh/.m2/repository/org/seleniumhq/selenium/selenium-devtools-v106/4.7.2/selenium-devtools-v106-4.7.2.jar:/home/josh/.m2/repository/org/seleniumhq/selenium/selenium-devtools-v107/4.7.2/selenium-devtools-v107-4.7.2.jar:/home/josh/.m2/repository/org/seleniumhq/selenium/selenium-devtools-v108/4.7.2/selenium-devtools-v108-4.7.2.jar:/home/josh/.m2/repository/org/seleniumhq/selenium/selenium-devtools-v85/4.7.2/selenium-devtools-v85-4.7.2.jar:/home/josh/.m2/repository/org/seleniumhq/selenium/selenium-edge-driver/4.7.2/selenium-edge-driver-4.7.2.jar:/home/josh/.m2/repository/org/seleniumhq/selenium/selenium-firefox-driver/4.7.2/selenium-firefox-driver-4.7.2.jar:/home/josh/.m2/repository/org/seleniumhq/selenium/selenium-http/4.7.2/selenium-http-4.7.2.jar:/home/josh/.m2/repository/dev/failsafe/failsafe/3.3.0/failsafe-3.3.0.jar:/home/josh/.m2/repository/org/seleniumhq/selenium/selenium-ie-driver/4.7.2/selenium-ie-driver-4.7.2.jar:/home/josh/.m2/repository/org/seleniumhq/selenium/selenium-remote-driver/4.7.2/selenium-remote-driver-4.7.2.jar:/home/josh/.m2/repository/io/netty/netty-buffer/4.1.84.Final/netty-buffer-4.1.84.Final.jar:/home/josh/.m2/repository/io/netty/netty-codec-http/4.1.84.Final/netty-codec-http-4.1.84.Final.jar:/home/josh/.m2/repository/io/netty/netty-codec/4.1.84.Final/netty-codec-4.1.84.Final.jar:/home/josh/.m2/repository/io/netty/netty-handler/4.1.84.Final/netty-handler-4.1.84.Final.jar:/home/josh/.m2/repository/io/netty/netty-common/4.1.84.Final/netty-common-4.1.84.Final.jar:/home/josh/.m2/repository/io/netty/netty-transport-classes-epoll/4.1.84.Final/netty-transport-classes-epoll-4.1.84.Final.jar:/home/josh/.m2/repository/io/netty/netty-transport-classes-kqueue/4.1.84.Final/netty-transport-classes-kqueue-4.1.84.Final.jar:/home/josh/.m2/repository/io/netty/netty-transport-native-epoll/4.1.84.Final/netty-transport-native-epoll-4.1.84.Final.jar:/home/josh/.m2/repository/io/netty/netty-transport-native-kqueue/4.1.84.Final/netty-transport-native-kqueue-4.1.84.Final.jar:/home/josh/.m2/repository/io/netty/netty-transport-native-unix-common/4.1.84.Final/netty-transport-native-unix-common-4.1.84.Final.jar:/home/josh/.m2/repository/io/netty/netty-transport/4.1.84.Final/netty-transport-4.1.84.Final.jar:/home/josh/.m2/repository/io/netty/netty-resolver/4.1.84.Final/netty-resolver-4.1.84.Final.jar:/home/josh/.m2/repository/io/opentelemetry/opentelemetry-api/1.19.0/opentelemetry-api-1.19.0.jar:/home/josh/.m2/repository/io/opentelemetry/opentelemetry-context/1.19.0/opentelemetry-context-1.19.0.jar:/home/josh/.m2/repository/io/opentelemetry/opentelemetry-exporter-logging/1.19.0/opentelemetry-exporter-logging-1.19.0.jar:/home/josh/.m2/repository/io/opentelemetry/opentelemetry-sdk-metrics/1.19.0/opentelemetry-sdk-metrics-1.19.0.jar:/home/josh/.m2/repository/io/opentelemetry/opentelemetry-sdk-logs/1.19.0-alpha/opentelemetry-sdk-logs-1.19.0-alpha.jar:/home/josh/.m2/repository/io/opentelemetry/opentelemetry-api-logs/1.19.0-alpha/opentelemetry-api-logs-1.19.0-alpha.jar:/home/josh/.m2/repository/io/opentelemetry/opentelemetry-sdk-common/1.19.0/opentelemetry-sdk-common-1.19.0.jar:/home/josh/.m2/repository/io/opentelemetry/opentelemetry-sdk-extension-autoconfigure-spi/1.19.0/opentelemetry-sdk-extension-autoconfigure-spi-1.19.0.jar:/home/josh/.m2/repository/io/opentelemetry/opentelemetry-sdk-extension-autoconfigure/1.19.0-alpha/opentelemetry-sdk-extension-autoconfigure-1.19.0-alpha.jar:/home/josh/.m2/repository/io/opentelemetry/opentelemetry-exporter-common/1.19.0/opentelemetry-exporter-common-1.19.0.jar:/home/josh/.m2/repository/io/opentelemetry/opentelemetry-sdk-trace/1.19.0/opentelemetry-sdk-trace-1.19.0.jar:/home/josh/.m2/repository/io/opentelemetry/opentelemetry-sdk/1.19.0/opentelemetry-sdk-1.19.0.jar:/home/josh/.m2/repository/io/opentelemetry/opentelemetry-semconv/1.19.0-alpha/opentelemetry-semconv-1.19.0-alpha.jar:/home/josh/.m2/repository/io/ous/jtoml/2.0.0/jtoml-2.0.0.jar:/home/josh/.m2/repository/net/bytebuddy/byte-buddy/1.12.18/byte-buddy-1.12.18.jar:/home/josh/.m2/repository/org/apache/commons/commons-exec/1.3/commons-exec-1.3.jar:/home/josh/.m2/repository/org/asynchttpclient/async-http-client/2.12.3/async-http-client-2.12.3.jar:/home/josh/.m2/repository/org/asynchttpclient/async-http-client-netty-utils/2.12.3/async-http-client-netty-utils-2.12.3.jar:/home/josh/.m2/repository/io/netty/netty-codec-socks/4.1.60.Final/netty-codec-socks-4.1.60.Final.jar:/home/josh/.m2/repository/io/netty/netty-handler-proxy/4.1.60.Final/netty-handler-proxy-4.1.60.Final.jar:/home/josh/.m2/repository/io/netty/netty-transport-native-epoll/4.1.60.Final/netty-transport-native-epoll-4.1.60.Final-linux-x86_64.jar:/home/josh/.m2/repository/io/netty/netty-transport-native-kqueue/4.1.60.Final/netty-transport-native-kqueue-4.1.60.Final-osx-x86_64.jar:/home/josh/.m2/repository/com/typesafe/netty/netty-reactive-streams/2.0.4/netty-reactive-streams-2.0.4.jar:/home/josh/.m2/repository/com/sun/activation/jakarta.activation/1.2.2/jakarta.activation-1.2.2.jar:/home/josh/.m2/repository/org/seleniumhq/selenium/selenium-manager/4.7.2/selenium-manager-4.7.2.jar:/home/josh/.m2/repository/org/seleniumhq/selenium/selenium-safari-driver/4.7.2/selenium-safari-driver-4.7.2.jar:/home/josh/.m2/repository/org/seleniumhq/selenium/selenium-support/4.7.2/selenium-support-4.7.2.jar:/home/josh/.m2/repository/org/testng/testng/7.7.1/testng-7.7.1.jar:/home/josh/.m2/repository/org/slf4j/slf4j-api/1.7.36/slf4j-api-1.7.36.jar:/home/josh/.m2/repository/com/beust/jcommander/1.82/jcommander-1.82.jar:/home/josh/.m2/repository/org/webjars/jquery/3.6.1/jquery-3.6.1.jar:/home/josh/.m2/repository/commons-io/commons-io/2.11.0/commons-io-2.11.0.jar:/home/josh/.m2/repository/org/apache/poi/poi/5.2.3/poi-5.2.3.jar:/home/josh/.m2/repository/commons-codec/commons-codec/1.15/commons-codec-1.15.jar:/home/josh/.m2/repository/org/apache/commons/commons-collections4/4.4/commons-collections4-4.4.jar:/home/josh/.m2/repository/org/apache/commons/commons-math3/3.6.1/commons-math3-3.6.1.jar:/home/josh/.m2/repository/com/zaxxer/SparseBitSet/1.2/SparseBitSet-1.2.jar:/home/josh/.m2/repository/org/apache/poi/poi-ooxml/5.2.3/poi-ooxml-5.2.3.jar:/home/josh/.m2/repository/org/apache/poi/poi-ooxml-lite/5.2.3/poi-ooxml-lite-5.2.3.jar:/home/josh/.m2/repository/org/apache/xmlbeans/xmlbeans/5.1.1/xmlbeans-5.1.1.jar:/home/josh/.m2/repository/org/apache/commons/commons-compress/1.21/commons-compress-1.21.jar:/home/josh/.m2/repository/com/github/virtuald/curvesapi/1.07/curvesapi-1.07.jar:/home/josh/.m2/repository/com/aventstack/extentreports/5.0.9/extentreports-5.0.9.jar:/home/josh/.m2/repository/io/reactivex/rxjava3/rxjava/3.0.4/rxjava-3.0.4.jar:/home/josh/.m2/repository/org/reactivestreams/reactive-streams/1.0.3/reactive-streams-1.0.3.jar:/home/josh/.m2/repository/org/freemarker/freemarker/2.3.30/freemarker-2.3.30.jar:/home/josh/.m2/repository/org/projectlombok/lombok/1.18.12/lombok-1.18.12.jar:/home/josh/.m2/repository/com/google/code/gson/gson/2.8.6/gson-2.8.6.jar:/home/josh/.m2/repository/org/apache/commons/commons-lang3/3.12.0/commons-lang3-3.12.0.jar:/home/josh/.m2/repository/org/apache/logging/log4j/log4j-core/2.19.0/log4j-core-2.19.0.jar:/home/josh/.m2/repository/org/apache/logging/log4j/log4j-api/2.19.0/log4j-api-2.19.0.jar:/home/josh/.m2/repository/org/apache/httpcomponents/httpclient/4.5.14/httpclient-4.5.14.jar:/home/josh/.m2/repository/org/apache/httpcomponents/httpcore/4.4.16/httpcore-4.4.16.jar:/home/josh/.m2/repository/commons-logging/commons-logging/1.2/commons-logging-1.2.jar:"/>
    <property name="java.vm.vendor" value="Ubuntu"/>
    <property name="sun.arch.data.model" value="64"/>
    <property name="java.vendor.url" value="https://ubuntu.com/"/>
    <property name="user.timezone" value="Asia/Kolkata"/>
    <property name="java.vm.specification.version" value="11"/>
    <property name="os.name" value="Linux"/>
    <property name="sun.java.launcher" value="SUN_STANDARD"/>
    <property name="user.country" value="IN"/>
    <property name="sun.boot.library.path" value="/usr/lib/jvm/java-11-openjdk-amd64/lib"/>
    <property name="sun.java.command" value="/home/josh/eclipse-workspace/Test_Project/target/surefire/surefirebooter-20230222102804801_3.jar /home/josh/eclipse-workspace/Test_Project/target/surefire 2023-02-22T10-28-04_543-jvmRun1 surefire-20230222102804801_1tmp surefire_0-20230222102804801_2tmp"/>
    <property name="jdk.debug" value="release"/>
    <property name="surefire.test.class.path" value="/home/josh/eclipse-workspace/Test_Project/target/test-classes:/home/josh/eclipse-workspace/Test_Project/target/classes:/home/josh/.m2/repository/org/seleniumhq/selenium/selenium-java/4.7.2/selenium-java-4.7.2.jar:/home/josh/.m2/repository/org/seleniumhq/selenium/selenium-api/4.7.2/selenium-api-4.7.2.jar:/home/josh/.m2/repository/org/seleniumhq/selenium/selenium-chrome-driver/4.7.2/selenium-chrome-driver-4.7.2.jar:/home/josh/.m2/repository/com/google/auto/service/auto-service-annotations/1.0.1/auto-service-annotations-1.0.1.jar:/home/josh/.m2/repository/com/google/auto/service/auto-service/1.0.1/auto-service-1.0.1.jar:/home/josh/.m2/repository/com/google/auto/auto-common/1.2/auto-common-1.2.jar:/home/josh/.m2/repository/com/google/guava/guava/31.1-jre/guava-31.1-jre.jar:/home/josh/.m2/repository/com/google/guava/failureaccess/1.0.1/failureaccess-1.0.1.jar:/home/josh/.m2/repository/com/google/guava/listenablefuture/9999.0-empty-to-avoid-conflict-with-guava/listenablefuture-9999.0-empty-to-avoid-conflict-with-guava.jar:/home/josh/.m2/repository/com/google/code/findbugs/jsr305/3.0.2/jsr305-3.0.2.jar:/home/josh/.m2/repository/org/checkerframework/checker-qual/3.12.0/checker-qual-3.12.0.jar:/home/josh/.m2/repository/com/google/errorprone/error_prone_annotations/2.11.0/error_prone_annotations-2.11.0.jar:/home/josh/.m2/repository/com/google/j2objc/j2objc-annotations/1.3/j2objc-annotations-1.3.jar:/home/josh/.m2/repository/org/seleniumhq/selenium/selenium-chromium-driver/4.7.2/selenium-chromium-driver-4.7.2.jar:/home/josh/.m2/repository/org/seleniumhq/selenium/selenium-json/4.7.2/selenium-json-4.7.2.jar:/home/josh/.m2/repository/org/seleniumhq/selenium/selenium-devtools-v106/4.7.2/selenium-devtools-v106-4.7.2.jar:/home/josh/.m2/repository/org/seleniumhq/selenium/selenium-devtools-v107/4.7.2/selenium-devtools-v107-4.7.2.jar:/home/josh/.m2/repository/org/seleniumhq/selenium/selenium-devtools-v108/4.7.2/selenium-devtools-v108-4.7.2.jar:/home/josh/.m2/repository/org/seleniumhq/selenium/selenium-devtools-v85/4.7.2/selenium-devtools-v85-4.7.2.jar:/home/josh/.m2/repository/org/seleniumhq/selenium/selenium-edge-driver/4.7.2/selenium-edge-driver-4.7.2.jar:/home/josh/.m2/repository/org/seleniumhq/selenium/selenium-firefox-driver/4.7.2/selenium-firefox-driver-4.7.2.jar:/home/josh/.m2/repository/org/seleniumhq/selenium/selenium-http/4.7.2/selenium-http-4.7.2.jar:/home/josh/.m2/repository/dev/failsafe/failsafe/3.3.0/failsafe-3.3.0.jar:/home/josh/.m2/repository/org/seleniumhq/selenium/selenium-ie-driver/4.7.2/selenium-ie-driver-4.7.2.jar:/home/josh/.m2/repository/org/seleniumhq/selenium/selenium-remote-driver/4.7.2/selenium-remote-driver-4.7.2.jar:/home/josh/.m2/repository/io/netty/netty-buffer/4.1.84.Final/netty-buffer-4.1.84.Final.jar:/home/josh/.m2/repository/io/netty/netty-codec-http/4.1.84.Final/netty-codec-http-4.1.84.Final.jar:/home/josh/.m2/repository/io/netty/netty-codec/4.1.84.Final/netty-codec-4.1.84.Final.jar:/home/josh/.m2/repository/io/netty/netty-handler/4.1.84.Final/netty-handler-4.1.84.Final.jar:/home/josh/.m2/repository/io/netty/netty-common/4.1.84.Final/netty-common-4.1.84.Final.jar:/home/josh/.m2/repository/io/netty/netty-transport-classes-epoll/4.1.84.Final/netty-transport-classes-epoll-4.1.84.Final.jar:/home/josh/.m2/repository/io/netty/netty-transport-classes-kqueue/4.1.84.Final/netty-transport-classes-kqueue-4.1.84.Final.jar:/home/josh/.m2/repository/io/netty/netty-transport-native-epoll/4.1.84.Final/netty-transport-native-epoll-4.1.84.Final.jar:/home/josh/.m2/repository/io/netty/netty-transport-native-kqueue/4.1.84.Final/netty-transport-native-kqueue-4.1.84.Final.jar:/home/josh/.m2/repository/io/netty/netty-transport-native-unix-common/4.1.84.Final/netty-transport-native-unix-common-4.1.84.Final.jar:/home/josh/.m2/repository/io/netty/netty-transport/4.1.84.Final/netty-transport-4.1.84.Final.jar:/home/josh/.m2/repository/io/netty/netty-resolver/4.1.84.Final/netty-resolver-4.1.84.Final.jar:/home/josh/.m2/repository/io/opentelemetry/opentelemetry-api/1.19.0/opentelemetry-api-1.19.0.jar:/home/josh/.m2/repository/io/opentelemetry/opentelemetry-context/1.19.0/opentelemetry-context-1.19.0.jar:/home/josh/.m2/repository/io/opentelemetry/opentelemetry-exporter-logging/1.19.0/opentelemetry-exporter-logging-1.19.0.jar:/home/josh/.m2/repository/io/opentelemetry/opentelemetry-sdk-metrics/1.19.0/opentelemetry-sdk-metrics-1.19.0.jar:/home/josh/.m2/repository/io/opentelemetry/opentelemetry-sdk-logs/1.19.0-alpha/opentelemetry-sdk-logs-1.19.0-alpha.jar:/home/josh/.m2/repository/io/opentelemetry/opentelemetry-api-logs/1.19.0-alpha/opentelemetry-api-logs-1.19.0-alpha.jar:/home/josh/.m2/repository/io/opentelemetry/opentelemetry-sdk-common/1.19.0/opentelemetry-sdk-common-1.19.0.jar:/home/josh/.m2/repository/io/opentelemetry/opentelemetry-sdk-extension-autoconfigure-spi/1.19.0/opentelemetry-sdk-extension-autoconfigure-spi-1.19.0.jar:/home/josh/.m2/repository/io/opentelemetry/opentelemetry-sdk-extension-autoconfigure/1.19.0-alpha/opentelemetry-sdk-extension-autoconfigure-1.19.0-alpha.jar:/home/josh/.m2/repository/io/opentelemetry/opentelemetry-exporter-common/1.19.0/opentelemetry-exporter-common-1.19.0.jar:/home/josh/.m2/repository/io/opentelemetry/opentelemetry-sdk-trace/1.19.0/opentelemetry-sdk-trace-1.19.0.jar:/home/josh/.m2/repository/io/opentelemetry/opentelemetry-sdk/1.19.0/opentelemetry-sdk-1.19.0.jar:/home/josh/.m2/repository/io/opentelemetry/opentelemetry-semconv/1.19.0-alpha/opentelemetry-semconv-1.19.0-alpha.jar:/home/josh/.m2/repository/io/ous/jtoml/2.0.0/jtoml-2.0.0.jar:/home/josh/.m2/repository/net/bytebuddy/byte-buddy/1.12.18/byte-buddy-1.12.18.jar:/home/josh/.m2/repository/org/apache/commons/commons-exec/1.3/commons-exec-1.3.jar:/home/josh/.m2/repository/org/asynchttpclient/async-http-client/2.12.3/async-http-client-2.12.3.jar:/home/josh/.m2/repository/org/asynchttpclient/async-http-client-netty-utils/2.12.3/async-http-client-netty-utils-2.12.3.jar:/home/josh/.m2/repository/io/netty/netty-codec-socks/4.1.60.Final/netty-codec-socks-4.1.60.Final.jar:/home/josh/.m2/repository/io/netty/netty-handler-proxy/4.1.60.Final/netty-handler-proxy-4.1.60.Final.jar:/home/josh/.m2/repository/io/netty/netty-transport-native-epoll/4.1.60.Final/netty-transport-native-epoll-4.1.60.Final-linux-x86_64.jar:/home/josh/.m2/repository/io/netty/netty-transport-native-kqueue/4.1.60.Final/netty-transport-native-kqueue-4.1.60.Final-osx-x86_64.jar:/home/josh/.m2/repository/com/typesafe/netty/netty-reactive-streams/2.0.4/netty-reactive-streams-2.0.4.jar:/home/josh/.m2/repository/com/sun/activation/jakarta.activation/1.2.2/jakarta.activation-1.2.2.jar:/home/josh/.m2/repository/org/seleniumhq/selenium/selenium-manager/4.7.2/selenium-manager-4.7.2.jar:/home/josh/.m2/repository/org/seleniumhq/selenium/selenium-safari-driver/4.7.2/selenium-safari-driver-4.7.2.jar:/home/josh/.m2/repository/org/seleniumhq/selenium/selenium-support/4.7.2/selenium-support-4.7.2.jar:/home/josh/.m2/repository/org/testng/testng/7.7.1/testng-7.7.1.jar:/home/josh/.m2/repository/org/slf4j/slf4j-api/1.7.36/slf4j-api-1.7.36.jar:/home/josh/.m2/repository/com/beust/jcommander/1.82/jcommander-1.82.jar:/home/josh/.m2/repository/org/webjars/jquery/3.6.1/jquery-3.6.1.jar:/home/josh/.m2/repository/commons-io/commons-io/2.11.0/commons-io-2.11.0.jar:/home/josh/.m2/repository/org/apache/poi/poi/5.2.3/poi-5.2.3.jar:/home/josh/.m2/repository/commons-codec/commons-codec/1.15/commons-codec-1.15.jar:/home/josh/.m2/repository/org/apache/commons/commons-collections4/4.4/commons-collections4-4.4.jar:/home/josh/.m2/repository/org/apache/commons/commons-math3/3.6.1/commons-math3-3.6.1.jar:/home/josh/.m2/repository/com/zaxxer/SparseBitSet/1.2/SparseBitSet-1.2.jar:/home/josh/.m2/repository/org/apache/poi/poi-ooxml/5.2.3/poi-ooxml-5.2.3.jar:/home/josh/.m2/repository/org/apache/poi/poi-ooxml-lite/5.2.3/poi-ooxml-lite-5.2.3.jar:/home/josh/.m2/repository/org/apache/xmlbeans/xmlbeans/5.1.1/xmlbeans-5.1.1.jar:/home/josh/.m2/repository/org/apache/commons/commons-compress/1.21/commons-compress-1.21.jar:/home/josh/.m2/repository/com/github/virtuald/curvesapi/1.07/curvesapi-1.07.jar:/home/josh/.m2/repository/com/aventstack/extentreports/5.0.9/extentreports-5.0.9.jar:/home/josh/.m2/repository/io/reactivex/rxjava3/rxjava/3.0.4/rxjava-3.0.4.jar:/home/josh/.m2/repository/org/reactivestreams/reactive-streams/1.0.3/reactive-streams-1.0.3.jar:/home/josh/.m2/repository/org/freemarker/freemarker/2.3.30/freemarker-2.3.30.jar:/home/josh/.m2/repository/org/projectlombok/lombok/1.18.12/lombok-1.18.12.jar:/home/josh/.m2/repository/com/google/code/gson/gson/2.8.6/gson-2.8.6.jar:/home/josh/.m2/repository/org/apache/commons/commons-lang3/3.12.0/commons-lang3-3.12.0.jar:/home/josh/.m2/repository/org/apache/logging/log4j/log4j-core/2.19.0/log4j-core-2.19.0.jar:/home/josh/.m2/repository/org/apache/logging/log4j/log4j-api/2.19.0/log4j-api-2.19.0.jar:/home/josh/.m2/repository/org/apache/httpcomponents/httpclient/4.5.14/httpclient-4.5.14.jar:/home/josh/.m2/repository/org/apache/httpcomponents/httpcore/4.4.16/httpcore-4.4.16.jar:/home/josh/.m2/repository/commons-logging/commons-logging/1.2/commons-logging-1.2.jar:"/>
    <property name="sun.cpu.endian" value="little"/>
    <property name="user.home" value="/home/josh"/>
    <property name="user.language" value="en"/>
    <property name="java.specification.vendor" value="Oracle Corporation"/>
    <property name="java.version.date" value="2022-10-18"/>
    <property name="java.home" value="/usr/lib/jvm/java-11-openjdk-amd64"/>
    <property name="file.separator" value="/"/>
    <property name="basedir" value="/home/josh/eclipse-workspace/Test_Project"/>
    <property name="java.vm.compressedOopsMode" value="Zero based"/>
    <property name="line.separator" value="&#10;"/>
    <property name="java.specification.name" value="Java Platform API Specification"/>
    <property name="java.vm.specification.vendor" value="Oracle Corporation"/>
    <property name="java.awt.graphicsenv" value="sun.awt.X11GraphicsEnvironment"/>
    <property name="surefire.real.class.path" value="/home/josh/eclipse-workspace/Test_Project/target/surefire/surefirebooter-20230222102804801_3.jar"/>
    <property name="sun.management.compiler" value="HotSpot 64-Bit Tiered Compilers"/>
    <property name="java.runtime.version" value="11.0.17+8-post-Ubuntu-1ubuntu220.04"/>
    <property name="user.name" value="josh"/>
    <property name="path.separator" value=":"/>
    <property name="os.version" value="5.14.0-1057-oem"/>
    <property name="java.runtime.name" value="OpenJDK Runtime Environment"/>
    <property name="file.encoding" value="UTF-8"/>
    <property name="java.vm.name" value="OpenJDK 64-Bit Server VM"/>
    <property name="localRepository" value="/home/josh/.m2/repository"/>
    <property name="java.vendor.url.bug" value="https://bugs.launchpad.net/ubuntu/+source/openjdk-lts"/>
    <property name="java.io.tmpdir" value="/tmp"/>
    <property name="java.version" value="11.0.17"/>
    <property name="user.dir" value="/home/josh/eclipse-workspace/Test_Project"/>
    <property name="os.arch" value="amd64"/>
    <property name="java.vm.specification.name" value="Java Virtual Machine Specification"/>
    <property name="java.awt.printerjob" value="sun.print.PSPrinterJob"/>
    <property name="sun.os.patch.level" value="unknown"/>
    <property name="java.library.path" value="/usr/java/packages/lib:/usr/lib/x86_64-linux-gnu/jni:/lib/x86_64-linux-gnu:/usr/lib/x86_64-linux-gnu:/usr/lib/jni:/lib:/usr/lib"/>
    <property name="java.vm.info" value="mixed mode, sharing"/>
    <property name="java.vendor" value="Ubuntu"/>
    <property name="java.vm.version" value="11.0.17+8-post-Ubuntu-1ubuntu220.04"/>
    <property name="sun.io.unicode.encoding" value="UnicodeLittle"/>
    <property name="java.class.version" value="55.0"/>
  </properties>
  <testcase name="navigate_to_textbox" classname="testcases.Textbox_Test" time="0.221">
    <system-err><![CDATA[SLF4J: Failed to load class "org.slf4j.impl.StaticLoggerBinder".
SLF4J: Defaulting to no-operation (NOP) logger implementation
SLF4J: See http://www.slf4j.org/codes.html#StaticLoggerBinder for further details.
Starting ChromeDriver 110.0.5481.77 (65ed616c6e8ee3fe0ad64fe83796c020644d42af-refs/branch-heads/5481@{#839}) on port 8273
Only local connections are allowed.
Please see https://chromedriver.chromium.org/security-considerations for suggestions on keeping ChromeDriver safe.
ChromeDriver was started successfully.
[1677041887.512][WARNING]: virtual void DevToolsClientImpl::AddListener(DevToolsEventListener *) subscribing a listener to the already connected DevToolsClient. Connection notification will not arrive.
Feb 22, 2023 10:28:07 AM org.openqa.selenium.devtools.CdpVersionFinder findNearestMatch
WARNING: Unable to find an exact match for CDP version 110, so returning the closest version found: 108
]]></system-err>
  </testcase>
  <testcase name="verify_labels" classname="testcases.Textbox_Test" time="0.137"/>
  <testcase name="enter_data[Name, Pallavi Patil](1)" classname="testcases.Textbox_Test" time="0.169"/>
  <testcase name="enter_data[Email, pallavi.patil@joshsoftware.com](2)" classname="testcases.Textbox_Test" time="0.152"/>
  <testcase name="enter_data[Current address, Pune](3)" classname="testcases.Textbox_Test" time="0.062"/>
  <testcase name="enter_data[Permanent Address, Miraj](4)" classname="testcases.Textbox_Test" time="0.056"/>
  <testcase name="verify_entered_data" classname="testcases.Textbox_Test" time="0.102"/>
  <testcase name="click_submit" classname="testcases.Textbox_Test" time="0.064"/>
  <testcase name="verify_submitted_data" classname="testcases.Textbox_Test" time="0.105"/>
  <testcase name="navigate_to_checkbox" classname="testcases.Checkbox_Test" time="0.066"/>
  <testcase name="checkbox" classname="testcases.Checkbox_Test" time="0.105"/>
  <testcase name="navigate_to_radio_button" classname="testcases.RadioButton_Test" time="0.046"/>
  <testcase name="select_radio_button" classname="testcases.RadioButton_Test" time="0.146"/>
  <testcase name="verifyDisabledRadio" classname="testcases.RadioButton_Test" time="0.048">
    <system-out><![CDATA[noRadio is disabled.
]]></system-out>
  </testcase>
  <testcase name="navigate_to_webtable" classname="testcases.Webtable_Test" time="0.115"/>
  <testcase name="printRow1" classname="testcases.Webtable_Test" time="0.176">
    <system-out><![CDATA[Cierra--Vega--39--cierra@example.com--10000--Insurance----
]]></system-out>
  </testcase>
  <testcase name="edit_Row1[First Name, Pallavi](1)" classname="testcases.Webtable_Test" time="0.14"/>
  <testcase name="edit_Row1[Last Name, Patil](2)" classname="testcases.Webtable_Test" time="0.12"/>
  <testcase name="edit_Row1[Email, pallavi.patil@joshsoftware.com](3)" classname="testcases.Webtable_Test" time="0.179"/>
  <testcase name="edit_Row1[Age, 26](4)" classname="testcases.Webtable_Test" time="0.025"/>
  <testcase name="edit_Row1[Salary, 11111](5)" classname="testcases.Webtable_Test" time="0.111"/>
  <testcase name="edit_Row1[Department, QA](6)" classname="testcases.Webtable_Test" time="0.112"/>
  <testcase name="submit_Data" classname="testcases.Webtable_Test" time="0.051"/>
  <testcase name="verify_Edits_to_Row1" classname="testcases.Webtable_Test" time="0.066">
    <system-out><![CDATA[--Pallavi--Patil--39--pallavi.patil@joshsoftware.com--11111--QA--
]]></system-out>
  </testcase>
  <testcase name="navigateToButtons" classname="testcases.Buttons_Test" time="0.057"/>
  <testcase name="doubleClick" classname="testcases.Buttons_Test" time="0.196"/>
  <testcase name="rightClick" classname="testcases.Buttons_Test" time="0.208"/>
  <testcase name="dynamicClick" classname="testcases.Buttons_Test" time="0.189"/>
  <testcase name="navigateToLinks" classname="testcases.Links_Test" time="0.06"/>
  <testcase name="clickLinks" classname="testcases.Links_Test" time="0.568"/>
  <testcase name="navigate_to_BrokenLinks" classname="testcases.BrokenLinks_Test" time="0.081"/>
  <testcase name="findBrokenLink" classname="testcases.BrokenLinks_Test" time="3.943">
    <system-out><![CDATA[http://demoqa.com/--301--Moved Permanently--is a NOT a broken link.
http://the-internet.herokuapp.com/status_codes/500--500--Internal Server Error--is a broken link.
]]></system-out>
  </testcase>
  <testcase name="findBrokenImages" classname="testcases.BrokenLinks_Test" time="0.063">
    <system-out><![CDATA[https://demoqa.com/images/Toolsqa.jpg is not a broken image.
https://demoqa.com/images/Toolsqa_1.jpg is a broken image.
]]></system-out>
  </testcase>
  <testcase name="navigateToButtons" classname="testcases.UploadDownload_Test" time="0.074"/>
  <testcase name="uploadFile" classname="testcases.UploadDownload_Test" time="0.059"/>
  <testcase name="downloadFile" classname="testcases.UploadDownload_Test" time="0.054"/>
  <testcase name="navigateToDynamicProperties" classname="testcases.DynamicProperties_Test" time="0.076"/>
  <testcase name="verifyDisabledBtn" classname="testcases.DynamicProperties_Test" time="0.022"/>
  <testcase name="buttonColorBefore" classname="testcases.DynamicProperties_Test" time="0.022"/>
  <testcase name="verifyEnabledBtn" classname="testcases.DynamicProperties_Test" time="5.473"/>
  <testcase name="verifyBtnColorChange" classname="testcases.DynamicProperties_Test" time="0.014"/>
  <testcase name="verifyVisibilityOfInvisibleBtn" classname="testcases.DynamicProperties_Test" time="0.019"/>
  <testcase name="navigate_to_practiceform" classname="testcases.PracticeForm_Test" time="0.295">
    <system-err><![CDATA[Starting ChromeDriver 110.0.5481.77 (65ed616c6e8ee3fe0ad64fe83796c020644d42af-refs/branch-heads/5481@{#839}) on port 12916
Only local connections are allowed.
Please see https://chromedriver.chromium.org/security-considerations for suggestions on keeping ChromeDriver safe.
ChromeDriver was started successfully.
[1677041916.142][WARNING]: virtual void DevToolsClientImpl::AddListener(DevToolsEventListener *) subscribing a listener to the already connected DevToolsClient. Connection notification will not arrive.
Feb 22, 2023 10:28:36 AM org.openqa.selenium.devtools.CdpVersionFinder findNearestMatch
WARNING: Unable to find an exact match for CDP version 110, so returning the closest version found: 108
]]></system-err>
  </testcase>
  <testcase name="verify_labels" classname="testcases.PracticeForm_Test" time="0.226"/>
  <testcase name="enter_form_data" classname="testcases.PracticeForm_Test" time="2.32"/>
  <testcase name="verify_entered_form_data" classname="testcases.PracticeForm_Test" time="0.295"/>
  <testcase name="navigate_to_alerts" classname="testcases.Alerts_Test" time="0.165">
    <system-err><![CDATA[Starting ChromeDriver 110.0.5481.77 (65ed616c6e8ee3fe0ad64fe83796c020644d42af-refs/branch-heads/5481@{#839}) on port 20235
Only local connections are allowed.
Please see https://chromedriver.chromium.org/security-considerations for suggestions on keeping ChromeDriver safe.
ChromeDriver was started successfully.
[1677041937.597][WARNING]: virtual void DevToolsClientImpl::AddListener(DevToolsEventListener *) subscribing a listener to the already connected DevToolsClient. Connection notification will not arrive.
Feb 22, 2023 10:28:57 AM org.openqa.selenium.devtools.CdpVersionFinder findNearestMatch
WARNING: Unable to find an exact match for CDP version 110, so returning the closest version found: 108
]]></system-err>
  </testcase>
  <testcase name="handle_simple_alert" classname="testcases.Alerts_Test" time="0.064"/>
  <testcase name="handle_delay_alert" classname="testcases.Alerts_Test" time="5.204"/>
  <testcase name="handle_confirm_alert" classname="testcases.Alerts_Test" time="0.088"/>
  <testcase name="handle_prompt_alert" classname="testcases.Alerts_Test" time="0.09"/>
  <testcase name="navigate_to_frames" classname="testcases.Frames_Test" time="0.06"/>
  <testcase name="frame1" classname="testcases.Frames_Test" time="0.281"/>
  <testcase name="frame2" classname="testcases.Frames_Test" time="0.072"/>
  <testcase name="navigate_to_nested_frames" classname="testcases.NestedFrames_Test" time="0.062"/>
  <testcase name="outer_frame" classname="testcases.NestedFrames_Test" time="0.641"/>
  <testcase name="inner_frame" classname="testcases.NestedFrames_Test" time="0.137"/>
  <testcase name="navigate_to_modal_dialogs" classname="testcases.Modals_Test" time="0.061"/>
  <testcase name="small_modal" classname="testcases.Modals_Test" time="0.124"/>
  <testcase name="large_modal" classname="testcases.Modals_Test" time="0.176"/>
  <testcase name="navigate_to_windows" classname="testcases.Windows_Test" time="0.086"/>
  <testcase name="new_tab" classname="testcases.Windows_Test" time="0.239"/>
  <testcase name="new_window" classname="testcases.Windows_Test" time="0.208"/>
  <testcase name="navigate_to_accordian" classname="testcases.Accordian_Test" time="0.179">
    <system-err><![CDATA[Starting ChromeDriver 110.0.5481.77 (65ed616c6e8ee3fe0ad64fe83796c020644d42af-refs/branch-heads/5481@{#839}) on port 30783
Only local connections are allowed.
Please see https://chromedriver.chromium.org/security-considerations for suggestions on keeping ChromeDriver safe.
ChromeDriver was started successfully.
[1677041958.028][WARNING]: virtual void DevToolsClientImpl::AddListener(DevToolsEventListener *) subscribing a listener to the already connected DevToolsClient. Connection notification will not arrive.
Feb 22, 2023 10:29:18 AM org.openqa.selenium.devtools.CdpVersionFinder findNearestMatch
WARNING: Unable to find an exact match for CDP version 110, so returning the closest version found: 108
]]></system-err>
  </testcase>
  <testcase name="heading1" classname="testcases.Accordian_Test" time="0.1"/>
  <testcase name="heading2" classname="testcases.Accordian_Test" time="0.11"/>
  <testcase name="heading3" classname="testcases.Accordian_Test" time="0.174"/>
  <testcase name="navigate_to_autocomplete" classname="testcases.AutoComplete_Test" time="0.08"/>
  <testcase name="multi_colors_textbox" classname="testcases.AutoComplete_Test" time="0.403"/>
  <testcase name="single_color_textbox" classname="testcases.AutoComplete_Test" time="0.217"/>
  <testcase name="navigate_to_datepicker" classname="testcases.Datepicker_Test" time="0.071"/>
  <testcase name="calender1" classname="testcases.Datepicker_Test" time="0.33"/>
  <testcase name="calender2" classname="testcases.Datepicker_Test" time="2.1"/>
  <testcase name="navigate_to_slider" classname="testcases.Slider_Test" time="0.057"/>
  <testcase name="drag_drop_slider" classname="testcases.Slider_Test" time="0.488"/>
  <testcase name="verify_dragdrop_successful" classname="testcases.Slider_Test" time="0.001"/>
  <testcase name="navigate_to_progressbar" classname="testcases.ProgressBar_Test" time="0.065"/>
  <testcase name="track_progress_before_start" classname="testcases.ProgressBar_Test" time="0.021"/>
  <testcase name="click_on_start" classname="testcases.ProgressBar_Test" time="0.145"/>
  <testcase name="click_on_stop" classname="testcases.ProgressBar_Test" time="0.163"/>
  <testcase name="compare_progress" classname="testcases.ProgressBar_Test" time="0.053">
    <system-out><![CDATA[0---1
]]></system-out>
  </testcase>
  <testcase name="navigate_to_tabs" classname="testcases.Tabs_Test" time="0.092"/>
  <testcase name="switch_tabs" classname="testcases.Tabs_Test" time="0.093"/>
  <testcase name="navigate_to_tooltips" classname="testcases.ToolTips_Test" time="0.056"/>
  <testcase name="hover_over_button" classname="testcases.ToolTips_Test" time="0.127"/>
  <testcase name="hover_over_textbox" classname="testcases.ToolTips_Test" time="0.147"/>
  <testcase name="navigate_to_menu" classname="testcases.Menu_Test" time="0.103"/>
  <testcase name="menu1" classname="testcases.Menu_Test" time="0.129"/>
  <testcase name="menu3" classname="testcases.Menu_Test" time="0.155"/>
  <testcase name="menu2" classname="testcases.Menu_Test" time="0.484"/>
  <testcase name="hover_over_submenu" classname="testcases.Menu_Test" time="0.5"/>
  <testcase name="naviagate_to_selectmenu" classname="testcases.SelectMenu_Test" time="0.134"/>
  <testcase name="select_dropdown" classname="testcases.SelectMenu_Test" time="0.07"/>
  <testcase name="standard_multiselect" classname="testcases.SelectMenu_Test" time="0.129"/>
  <testcase name="multi_select" classname="testcases.SelectMenu_Test" time="0.151"/>
  <testcase name="value_dropdown" classname="testcases.SelectMenu_Test" time="0.161">
    <system-out><![CDATA[stale element reference: element is not attached to the page document
  (Session info: chrome=110.0.5481.77)
For documentation on this error, please visit: https://selenium.dev/exceptions/#stale_element_reference
Build info: version: '4.7.2', revision: '4d4020c3b7'
System info: os.name: 'Linux', os.arch: 'amd64', os.version: '5.14.0-1057-oem', java.version: '11.0.17'
Driver info: org.openqa.selenium.chrome.ChromeDriver
Command: [8004b6dbb2c232f8b12e90ae326e1eb6, getElementText {id=3df21014-1e02-4d36-b4f6-3da5958df1c6}]
Capabilities {acceptInsecureCerts: false, browserName: chrome, browserVersion: 110.0.5481.77, chrome: {chromedriverVersion: 110.0.5481.77 (65ed616c6e8e..., userDataDir: /tmp/.com.google.Chrome.mlQ3w0}, goog:chromeOptions: {debuggerAddress: localhost:38245}, networkConnectionEnabled: false, pageLoadStrategy: normal, platformName: LINUX, proxy: Proxy(), se:cdp: ws://localhost:38245/devtoo..., se:cdpVersion: 110.0.5481.77, setWindowRect: true, strictFileInteractability: false, timeouts: {implicit: 0, pageLoad: 300000, script: 30000}, unhandledPromptBehavior: dismiss and notify, webauthn:extension:credBlob: true, webauthn:extension:largeBlob: true, webauthn:virtualAuthenticators: true}
Element: [[ChromeDriver: chrome on LINUX (8004b6dbb2c232f8b12e90ae326e1eb6)] -> xpath: //*[@class = ' css-1s9izoc']/div/div]
Session ID: 8004b6dbb2c232f8b12e90ae326e1eb6
]]></system-out>
  </testcase>
  <testcase name="one_dropdown" classname="testcases.SelectMenu_Test" time="0.186">
    <system-out><![CDATA[stale element reference: element is not attached to the page document
  (Session info: chrome=110.0.5481.77)
For documentation on this error, please visit: https://selenium.dev/exceptions/#stale_element_reference
Build info: version: '4.7.2', revision: '4d4020c3b7'
System info: os.name: 'Linux', os.arch: 'amd64', os.version: '5.14.0-1057-oem', java.version: '11.0.17'
Driver info: org.openqa.selenium.chrome.ChromeDriver
Command: [8004b6dbb2c232f8b12e90ae326e1eb6, getElementText {id=17e2ed1a-4922-4170-a9ec-d61ebcf1d872}]
Capabilities {acceptInsecureCerts: false, browserName: chrome, browserVersion: 110.0.5481.77, chrome: {chromedriverVersion: 110.0.5481.77 (65ed616c6e8e..., userDataDir: /tmp/.com.google.Chrome.mlQ3w0}, goog:chromeOptions: {debuggerAddress: localhost:38245}, networkConnectionEnabled: false, pageLoadStrategy: normal, platformName: LINUX, proxy: Proxy(), se:cdp: ws://localhost:38245/devtoo..., se:cdpVersion: 110.0.5481.77, setWindowRect: true, strictFileInteractability: false, timeouts: {implicit: 0, pageLoad: 300000, script: 30000}, unhandledPromptBehavior: dismiss and notify, webauthn:extension:credBlob: true, webauthn:extension:largeBlob: true, webauthn:virtualAuthenticators: true}
Element: [[ChromeDriver: chrome on LINUX (8004b6dbb2c232f8b12e90ae326e1eb6)] -> xpath: //*[@class = ' css-1s9izoc']/div/div]
Session ID: 8004b6dbb2c232f8b12e90ae326e1eb6
stale element reference: element is not attached to the page document
  (Session info: chrome=110.0.5481.77)
For documentation on this error, please visit: https://selenium.dev/exceptions/#stale_element_reference
Build info: version: '4.7.2', revision: '4d4020c3b7'
System info: os.name: 'Linux', os.arch: 'amd64', os.version: '5.14.0-1057-oem', java.version: '11.0.17'
Driver info: org.openqa.selenium.chrome.ChromeDriver
Command: [8004b6dbb2c232f8b12e90ae326e1eb6, getElementText {id=c60540c6-3f76-445e-a7c0-3aff503bffcb}]
Capabilities {acceptInsecureCerts: false, browserName: chrome, browserVersion: 110.0.5481.77, chrome: {chromedriverVersion: 110.0.5481.77 (65ed616c6e8e..., userDataDir: /tmp/.com.google.Chrome.mlQ3w0}, goog:chromeOptions: {debuggerAddress: localhost:38245}, networkConnectionEnabled: false, pageLoadStrategy: normal, platformName: LINUX, proxy: Proxy(), se:cdp: ws://localhost:38245/devtoo..., se:cdpVersion: 110.0.5481.77, setWindowRect: true, strictFileInteractability: false, timeouts: {implicit: 0, pageLoad: 300000, script: 30000}, unhandledPromptBehavior: dismiss and notify, webauthn:extension:credBlob: true, webauthn:extension:largeBlob: true, webauthn:virtualAuthenticators: true}
Element: [[ChromeDriver: chrome on LINUX (8004b6dbb2c232f8b12e90ae326e1eb6)] -> xpath: //*[@class = ' css-1s9izoc']/div/div]
Session ID: 8004b6dbb2c232f8b12e90ae326e1eb6
]]></system-out>
  </testcase>
  <testcase name="navigate_to_sortable" classname="testcases.Sortable_Test" time="0.181">
    <system-err><![CDATA[Starting ChromeDriver 110.0.5481.77 (65ed616c6e8ee3fe0ad64fe83796c020644d42af-refs/branch-heads/5481@{#839}) on port 23274
Only local connections are allowed.
Please see https://chromedriver.chromium.org/security-considerations for suggestions on keeping ChromeDriver safe.
ChromeDriver was started successfully.
[1677041983.179][WARNING]: virtual void DevToolsClientImpl::AddListener(DevToolsEventListener *) subscribing a listener to the already connected DevToolsClient. Connection notification will not arrive.
Feb 22, 2023 10:29:43 AM org.openqa.selenium.devtools.CdpVersionFinder findNearestMatch
WARNING: Unable to find an exact match for CDP version 110, so returning the closest version found: 108
]]></system-err>
  </testcase>
  <testcase name="grid" classname="testcases.Sortable_Test" time="0.092"/>
  <testcase name="list" classname="testcases.Sortable_Test" time="0.086"/>
  <testcase name="navigate_to_selectable" classname="testcases.Selectable_Test" time="0.069"/>
  <testcase name="select_all_list_options" classname="testcases.Selectable_Test" time="0.286"/>
  <testcase name="switch_to_grid" classname="testcases.Selectable_Test" time="0.371"/>
  <testcase name="navigate_to_resizable" classname="testcases.Resizable_Test" time="0.056"/>
  <testcase name="resize_box_contained" classname="testcases.Resizable_Test" time="0.569"/>
  <testcase name="resize_page_contained" classname="testcases.Resizable_Test" time="0.643"/>
  <testcase name="navigate_to_droppable" classname="testcases.Droppable_Test" time="0.14"/>
  <testcase name="simple_drag_drop" classname="testcases.Droppable_Test" time="0.365"/>
  <testcase name="accept_tab_dragdrop" classname="testcases.Droppable_Test" time="0.756"/>
  <testcase name="prevent_propagation_tab_dragdrop" classname="testcases.Droppable_Test" time="0.87"/>
  <testcase name="revert_draggable_tab_dragdrop" classname="testcases.Droppable_Test" time="0.827"/>
  <testcase name="navigate_to_draggable" classname="testcases.Draggable_Test" time="0.08"/>
  <testcase name="simple_drag" classname="testcases.Draggable_Test" time="0.405"/>
  <testcase name="axis_tab_dragdrop" classname="testcases.Draggable_Test" time="0.987"/>
  <testcase name="container_tab_dragdrop" classname="testcases.Draggable_Test" time="1.025"/>
</testsuite>