<?xml version="1.0" encoding="UTF-8"?>
<!-- Generated by org.testng.reporters.JUnitReportReporter -->
<testsuite hostname="josh-Latitude-3410" failures="0" tests="5" name="testcases.Droppable_Test" time="2.952" errors="0" timestamp="2023-02-22T10:30:13 IST" skipped="0">
  <testcase classname="testcases.Droppable_Test" name="navigate_to_droppable" time="0.139"/>
  <system-out/>
  <testcase classname="testcases.Droppable_Test" name="simple_drag_drop" time="0.363"/>
  <system-out/>
  <testcase classname="testcases.Droppable_Test" name="accept_tab_dragdrop" time="0.756"/>
  <system-out/>
  <testcase classname="testcases.Droppable_Test" name="prevent_propagation_tab_dragdrop" time="0.869"/>
  <system-out/>
  <testcase classname="testcases.Droppable_Test" name="revert_draggable_tab_dragdrop" time="0.825"/>
  <system-out/>
</testsuite> <!-- testcases.Droppable_Test -->
