<?xml version="1.0" encoding="UTF-8"?>
<!-- Generated by org.testng.reporters.JUnitReportReporter -->
<testsuite hostname="josh-Latitude-3410" failures="0" tests="6" name="testcases.SelectMenu_Test" time="0.824" errors="0" timestamp="2023-02-22T10:30:13 IST" skipped="0">
  <testcase classname="testcases.SelectMenu_Test" name="naviagate_to_selectmenu" time="0.134"/>
  <system-out/>
  <testcase classname="testcases.SelectMenu_Test" name="select_dropdown" time="0.071"/>
  <system-out/>
  <testcase classname="testcases.SelectMenu_Test" name="standard_multiselect" time="0.129"/>
  <system-out/>
  <testcase classname="testcases.SelectMenu_Test" name="multi_select" time="0.150"/>
  <system-out/>
  <testcase classname="testcases.SelectMenu_Test" name="value_dropdown" time="0.157"/>
  <system-out/>
  <testcase classname="testcases.SelectMenu_Test" name="one_dropdown" time="0.183"/>
  <system-out/>
</testsuite> <!-- testcases.SelectMenu_Test -->
