<?xml version="1.0" encoding="UTF-8"?>
<!-- Generated by org.testng.reporters.JUnitReportReporter -->
<testsuite hostname="josh-Latitude-3410" failures="0" tests="5" name="testcases.Draggable_Test" time="2.495" errors="0" timestamp="2023-02-22T10:30:13 IST" skipped="1">
  <testcase classname="testcases.Draggable_Test" name="navigate_to_draggable" time="0.080"/>
  <system-out/>
  <testcase classname="testcases.Draggable_Test" name="simple_drag" time="0.405"/>
  <system-out/>
  <testcase classname="testcases.Draggable_Test" name="axis_tab_dragdrop" time="0.986"/>
  <system-out/>
  <testcase classname="testcases.Draggable_Test" name="container_tab_dragdrop" time="1.024"/>
  <system-out/>
  <testcase classname="testcases.Draggable_Test" name="curser_style_tab_dragdrop">
    <skipped/>
  </testcase> <!-- curser_style_tab_dragdrop -->
  <system-out/>
</testsuite> <!-- testcases.Draggable_Test -->
