<?xml version="1.0" encoding="UTF-8"?>
<!-- Generated by org.testng.reporters.JUnitReportReporter -->
<testsuite hostname="josh-Latitude-3410" failures="0" tests="4" name="testcases.Accordian_Test" time="0.562" errors="0" timestamp="2023-02-22T10:30:13 IST" skipped="0">
  <testcase classname="testcases.Accordian_Test" name="navigate_to_accordian" time="0.179"/>
  <system-out/>
  <testcase classname="testcases.Accordian_Test" name="heading1" time="0.100"/>
  <system-out/>
  <testcase classname="testcases.Accordian_Test" name="heading2" time="0.109"/>
  <system-out/>
  <testcase classname="testcases.Accordian_Test" name="heading3" time="0.174"/>
  <system-out/>
</testsuite> <!-- testcases.Accordian_Test -->
