<?xml version="1.0" encoding="UTF-8"?>
<!-- Generated by org.testng.reporters.JUnitReportReporter -->
<testsuite hostname="josh-Latitude-3410" failures="0" tests="9" name="testcases.Textbox_Test" time="1.053" errors="0" timestamp="2023-02-22T10:30:13 IST" skipped="0">
  <testcase classname="testcases.Textbox_Test" name="navigate_to_textbox" time="0.214"/>
  <system-out/>
  <testcase classname="testcases.Textbox_Test" name="verify_labels" time="0.137"/>
  <system-out/>
  <testcase classname="testcases.Textbox_Test" name="enter_data" time="0.152"/>
  <system-out/>
  <testcase classname="testcases.Textbox_Test" name="enter_data" time="0.060"/>
  <system-out/>
  <testcase classname="testcases.Textbox_Test" name="enter_data" time="0.055"/>
  <system-out/>
  <testcase classname="testcases.Textbox_Test" name="enter_data" time="0.167"/>
  <system-out/>
  <testcase classname="testcases.Textbox_Test" name="verify_entered_data" time="0.101"/>
  <system-out/>
  <testcase classname="testcases.Textbox_Test" name="click_submit" time="0.063"/>
  <system-out/>
  <testcase classname="testcases.Textbox_Test" name="verify_submitted_data" time="0.104"/>
  <system-out/>
</testsuite> <!-- testcases.Textbox_Test -->
