<?xml version="1.0" encoding="UTF-8"?>
<!-- Generated by org.testng.reporters.JUnitReportReporter -->
<testsuite hostname="josh-Latitude-3410" failures="0" tests="4" name="testcases.PracticeForm_Test" time="3.135" errors="0" timestamp="2023-02-22T10:30:13 IST" skipped="0">
  <testcase classname="testcases.PracticeForm_Test" name="navigate_to_practiceform" time="0.295"/>
  <system-out/>
  <testcase classname="testcases.PracticeForm_Test" name="verify_labels" time="0.227"/>
  <system-out/>
  <testcase classname="testcases.PracticeForm_Test" name="enter_form_data" time="2.319"/>
  <system-out/>
  <testcase classname="testcases.PracticeForm_Test" name="verify_entered_form_data" time="0.294"/>
  <system-out/>
</testsuite> <!-- testcases.PracticeForm_Test -->
