<?xml version="1.0" encoding="UTF-8"?>
<!-- Generated by org.testng.reporters.JUnitReportReporter -->
<testsuite hostname="josh-Latitude-3410" failures="0" tests="4" name="testcases.Windows_Test" time="0.535" errors="0" timestamp="2023-02-22T10:30:13 IST" skipped="1">
  <testcase classname="testcases.Windows_Test" name="navigate_to_windows" time="0.085"/>
  <system-out/>
  <testcase classname="testcases.Windows_Test" name="new_tab" time="0.240"/>
  <system-out/>
  <testcase classname="testcases.Windows_Test" name="new_window" time="0.210"/>
  <system-out/>
  <testcase classname="testcases.Windows_Test" name="new_msg_window">
    <skipped/>
  </testcase> <!-- new_msg_window -->
  <system-out/>
</testsuite> <!-- testcases.Windows_Test -->
