<?xml version="1.0" encoding="UTF-8"?>
<!-- Generated by org.testng.reporters.JUnitReportReporter -->
<testsuite hostname="josh-Latitude-3410" failures="0" tests="3" name="testcases.Selectable_Test" time="0.726" errors="0" timestamp="2023-02-22T10:30:13 IST" skipped="0">
  <testcase classname="testcases.Selectable_Test" name="navigate_to_selectable" time="0.069"/>
  <system-out/>
  <testcase classname="testcases.Selectable_Test" name="select_all_list_options" time="0.287"/>
  <system-out/>
  <testcase classname="testcases.Selectable_Test" name="switch_to_grid" time="0.370"/>
  <system-out/>
</testsuite> <!-- testcases.Selectable_Test -->
