<?xml version="1.0" encoding="UTF-8"?>
<!-- Generated by org.testng.reporters.JUnitReportReporter -->
<testsuite hostname="josh-Latitude-3410" failures="0" tests="6" name="testcases.DynamicProperties_Test" time="5.623" errors="0" timestamp="2023-02-22T10:30:13 IST" skipped="0">
  <testcase classname="testcases.DynamicProperties_Test" name="navigateToDynamicProperties" time="0.075"/>
  <system-out/>
  <testcase classname="testcases.DynamicProperties_Test" name="verifyDisabledBtn" time="0.022"/>
  <system-out/>
  <testcase classname="testcases.DynamicProperties_Test" name="buttonColorBefore" time="0.022"/>
  <system-out/>
  <testcase classname="testcases.DynamicProperties_Test" name="verifyEnabledBtn" time="5.472"/>
  <system-out/>
  <testcase classname="testcases.DynamicProperties_Test" name="verifyBtnColorChange" time="0.014"/>
  <system-out/>
  <testcase classname="testcases.DynamicProperties_Test" name="verifyVisibilityOfInvisibleBtn" time="0.018"/>
  <system-out/>
</testsuite> <!-- testcases.DynamicProperties_Test -->
