<?xml version="1.0" encoding="UTF-8"?>
<!-- Generated by org.testng.reporters.JUnitReportReporter -->
<testsuite hostname="josh-Latitude-3410" failures="0" tests="3" name="testcases.RadioButton_Test" time="0.238" errors="0" timestamp="2023-02-22T10:30:13 IST" skipped="0">
  <testcase classname="testcases.RadioButton_Test" name="navigate_to_radio_button" time="0.046"/>
  <system-out/>
  <testcase classname="testcases.RadioButton_Test" name="select_radio_button" time="0.145"/>
  <system-out/>
  <testcase classname="testcases.RadioButton_Test" name="verifyDisabledRadio" time="0.047"/>
  <system-out/>
</testsuite> <!-- testcases.RadioButton_Test -->
