<?xml version="1.0" encoding="UTF-8"?>
<!-- Generated by org.testng.reporters.JUnitReportReporter -->
<testsuite hostname="josh-Latitude-3410" failures="0" tests="2" name="testcases.Links_Test" time="0.628" errors="0" timestamp="2023-02-22T10:30:13 IST" skipped="0">
  <testcase classname="testcases.Links_Test" name="navigateToLinks" time="0.060"/>
  <system-out/>
  <testcase classname="testcases.Links_Test" name="clickLinks" time="0.568"/>
  <system-out/>
</testsuite> <!-- testcases.Links_Test -->
